TN:
SF:server.js
FN:33,(anonymous_0)
FN:41,(anonymous_1)
FN:62,(anonymous_2)
FN:118,(anonymous_3)
FN:130,(anonymous_4)
FN:141,(anonymous_5)
FN:161,(anonymous_6)
FNF:7
FNH:6
FNDA:23,(anonymous_0)
FNDA:21,(anonymous_1)
FNDA:19,(anonymous_2)
FNDA:1,(anonymous_3)
FNDA:1,(anonymous_4)
FNDA:0,(anonymous_5)
FNDA:1,(anonymous_6)
DA:1,1
DA:2,1
DA:3,1
DA:4,1
DA:5,1
DA:6,1
DA:7,1
DA:8,1
DA:11,1
DA:27,1
DA:30,1
DA:31,1
DA:32,1
DA:33,23
DA:34,1
DA:37,1
DA:38,1
DA:41,1
DA:42,21
DA:44,21
DA:45,2
DA:58,19
DA:62,1
DA:63,19
DA:64,19
DA:65,19
DA:67,19
DA:69,19
DA:70,19
DA:71,15
DA:73,15
DA:88,15
DA:94,15
DA:96,4
DA:102,4
DA:118,1
DA:119,1
DA:130,1
DA:131,1
DA:141,1
DA:142,0
DA:144,0
DA:158,1
DA:159,1
DA:161,1
DA:162,1
DA:163,1
DA:166,1
LF:48
LH:46
BRDA:12,0,0,1
BRDA:12,0,1,0
BRDA:44,1,0,2
BRDA:44,1,1,19
BRDA:44,2,0,21
BRDA:44,2,1,20
BRDA:44,2,2,19
BRDA:44,2,3,19
BRDA:44,2,4,19
BRDA:44,2,5,19
BRDA:47,3,0,2
BRDA:47,3,1,2
BRDA:125,4,0,1
BRDA:125,4,1,0
BRDA:146,5,0,0
BRDA:146,5,1,0
BRDA:158,6,0,1
BRDA:158,6,1,1
BRDA:159,7,0,1
BRDA:159,7,1,1
BRF:20
BRH:16
end_of_record
TN:
SF:handlers/healthcheck.js
FN:20,(anonymous_0)
FN:87,(anonymous_1)
FN:88,(anonymous_2)
FN:89,(anonymous_3)
FN:105,(anonymous_4)
FN:126,(anonymous_5)
FN:150,(anonymous_6)
FN:163,(anonymous_7)
FN:178,(anonymous_8)
FN:179,(anonymous_9)
FN:206,(anonymous_10)
FN:229,(anonymous_11)
FN:261,(anonymous_12)
FN:262,(anonymous_13)
FN:296,(anonymous_14)
FN:300,(anonymous_15)
FN:331,(anonymous_16)
FN:364,(anonymous_17)
FN:394,(anonymous_18)
FN:424,(anonymous_19)
FNF:20
FNH:14
FNDA:12,(anonymous_0)
FNDA:68,(anonymous_1)
FNDA:68,(anonymous_2)
FNDA:0,(anonymous_3)
FNDA:68,(anonymous_4)
FNDA:11,(anonymous_5)
FNDA:0,(anonymous_6)
FNDA:12,(anonymous_7)
FNDA:36,(anonymous_8)
FNDA:0,(anonymous_9)
FNDA:11,(anonymous_10)
FNDA:11,(anonymous_11)
FNDA:0,(anonymous_12)
FNDA:0,(anonymous_13)
FNDA:11,(anonymous_14)
FNDA:11,(anonymous_15)
FNDA:12,(anonymous_16)
FNDA:0,(anonymous_17)
FNDA:12,(anonymous_18)
FNDA:12,(anonymous_19)
DA:1,1
DA:2,1
DA:3,1
DA:4,1
DA:7,1
DA:21,12
DA:27,12
DA:29,12
DA:31,12
DA:32,12
DA:33,12
DA:36,12
DA:37,68
DA:38,68
DA:39,68
DA:41,68
DA:42,33
DA:45,0
DA:50,0
DA:55,12
DA:56,12
DA:57,12
DA:61,12
DA:62,12
DA:63,12
DA:66,12
DA:75,12
DA:80,12
DA:82,0
DA:83,0
DA:88,68
DA:89,68
DA:92,68
DA:94,68
DA:95,68
DA:97,0
DA:106,68
DA:108,11
DA:110,12
DA:112,11
DA:114,11
DA:116,11
DA:118,12
DA:120,0
DA:122,0
DA:127,11
DA:128,11
DA:129,11
DA:130,11
DA:132,11
DA:134,0
DA:141,11
DA:151,0
DA:152,0
DA:153,0
DA:154,0
DA:156,0
DA:157,0
DA:159,0
DA:164,12
DA:165,12
DA:166,12
DA:168,12
DA:169,36
DA:170,36
DA:171,36
DA:173,0
DA:177,12
DA:178,36
DA:179,0
DA:181,12
DA:182,0
DA:190,12
DA:197,0
DA:207,11
DA:208,11
DA:209,11
DA:210,11
DA:212,11
DA:214,0
DA:220,11
DA:230,11
DA:231,11
DA:234,0
DA:240,0
DA:242,0
DA:243,0
DA:244,0
DA:245,0
DA:246,0
DA:248,0
DA:253,0
DA:260,0
DA:261,0
DA:262,0
DA:264,0
DA:265,0
DA:271,0
DA:272,0
DA:280,0
DA:287,11
DA:297,11
DA:298,11
DA:300,11
DA:301,11
DA:303,11
DA:304,11
DA:305,0
DA:306,11
DA:307,0
DA:310,11
DA:322,0
DA:332,12
DA:333,12
DA:334,12
DA:336,12
DA:337,12
DA:338,0
DA:339,12
DA:340,0
DA:343,12
DA:355,0
DA:365,0
DA:366,0
DA:368,0
DA:369,0
DA:370,0
DA:371,0
DA:372,0
DA:375,0
DA:385,0
DA:395,12
DA:396,12
DA:402,12
DA:419,0
DA:420,0
DA:425,12
DA:426,12
DA:429,12
DA:435,12
DA:436,12
DA:437,36
DA:438,36
DA:439,36
DA:441,0
DA:445,12
DA:447,0
DA:448,0
DA:453,1
LF:149
LH:92
BRDA:23,0,0,11
BRDA:24,1,0,11
BRDA:25,2,0,12
BRDA:26,3,0,12
BRDA:41,4,0,33
BRDA:41,4,1,35
BRDA:56,5,0,12
BRDA:56,5,1,0
BRDA:62,6,0,12
BRDA:62,6,1,0
BRDA:106,7,0,11
BRDA:106,7,1,12
BRDA:106,7,2,11
BRDA:106,7,3,11
BRDA:106,7,4,11
BRDA:106,7,5,12
BRDA:106,7,6,0
BRDA:106,7,7,0
BRDA:181,8,0,0
BRDA:181,8,1,12
BRDA:264,9,0,0
BRDA:264,9,1,0
BRDA:271,10,0,0
BRDA:271,10,1,0
BRDA:300,11,0,11
BRDA:300,11,1,0
BRDA:304,12,0,0
BRDA:304,12,1,11
BRDA:306,13,0,0
BRDA:306,13,1,11
BRDA:337,14,0,0
BRDA:337,14,1,12
BRDA:339,15,0,0
BRDA:339,15,1,12
BRDA:369,16,0,0
BRDA:369,16,1,0
BRDA:371,17,0,0
BRDA:371,17,1,0
BRF:38
BRH:20
end_of_record
TN:
SF:handlers/notify.js
FN:19,(anonymous_0)
FN:54,(anonymous_1)
FN:69,(anonymous_2)
FN:89,(anonymous_3)
FN:121,(anonymous_4)
FN:151,(anonymous_5)
FN:160,(anonymous_6)
FN:183,(anonymous_7)
FN:193,(anonymous_8)
FN:203,(anonymous_9)
FNF:10
FNH:4
FNDA:1,(anonymous_0)
FNDA:1,(anonymous_1)
FNDA:1,(anonymous_2)
FNDA:0,(anonymous_3)
FNDA:0,(anonymous_4)
FNDA:0,(anonymous_5)
FNDA:0,(anonymous_6)
FNDA:0,(anonymous_7)
FNDA:0,(anonymous_8)
FNDA:1,(anonymous_9)
DA:1,1
DA:2,1
DA:3,1
DA:6,1
DA:20,1
DA:28,1
DA:30,1
DA:37,1
DA:38,1
DA:40,1
DA:42,1
DA:49,0
DA:50,0
DA:55,1
DA:57,1
DA:59,0
DA:61,0
DA:63,0
DA:65,0
DA:70,1
DA:71,1
DA:72,1
DA:73,1
DA:76,1
DA:77,1
DA:79,0
DA:81,1
DA:84,1
DA:85,1
DA:90,0
DA:92,0
DA:94,0
DA:104,0
DA:112,0
DA:114,0
DA:116,0
DA:117,0
DA:122,0
DA:124,0
DA:126,0
DA:132,0
DA:139,0
DA:144,0
DA:146,0
DA:147,0
DA:152,0
DA:153,0
DA:155,0
DA:160,0
DA:170,0
DA:176,0
DA:178,0
DA:179,0
DA:184,0
DA:190,0
DA:194,0
DA:200,0
DA:204,1
DA:205,1
DA:212,1
DA:213,1
DA:215,0
DA:220,1
LF:63
LH:27
BRDA:23,0,0,0
BRDA:24,1,0,0
BRDA:25,2,0,0
BRDA:26,3,0,1
BRDA:27,4,0,1
BRDA:45,5,0,1
BRDA:45,5,1,0
BRDA:55,6,0,1
BRDA:55,6,1,0
BRDA:55,6,2,0
BRDA:55,6,3,0
BRDA:55,6,4,0
BRDA:95,7,0,0
BRDA:95,7,1,0
BRDA:96,8,0,0
BRDA:96,8,1,0
BRDA:106,9,0,0
BRDA:106,9,1,0
BRDA:127,10,0,0
BRDA:127,10,1,0
BRDA:171,11,0,0
BRDA:171,11,1,0
BRDA:190,12,0,0
BRDA:190,12,1,0
BRDA:200,13,0,0
BRDA:200,13,1,0
BRF:26
BRH:4
end_of_record
TN:
SF:handlers/persist.js
FN:19,(anonymous_0)
FN:62,(anonymous_1)
FN:70,(anonymous_2)
FN:85,(anonymous_3)
FN:99,(anonymous_4)
FN:114,(anonymous_5)
FN:128,(anonymous_6)
FN:155,(anonymous_7)
FN:171,(anonymous_8)
FN:196,(anonymous_9)
FN:216,(anonymous_10)
FN:229,(anonymous_11)
FN:236,(anonymous_12)
FNF:13
FNH:7
FNDA:1,(anonymous_0)
FNDA:1,(anonymous_1)
FNDA:1,(anonymous_2)
FNDA:1,(anonymous_3)
FNDA:2,(anonymous_4)
FNDA:0,(anonymous_5)
FNDA:0,(anonymous_6)
FNDA:1,(anonymous_7)
FNDA:1,(anonymous_8)
FNDA:0,(anonymous_9)
FNDA:0,(anonymous_10)
FNDA:0,(anonymous_11)
FNDA:0,(anonymous_12)
DA:1,1
DA:2,1
DA:3,1
DA:6,1
DA:20,1
DA:27,1
DA:29,1
DA:35,1
DA:37,1
DA:40,1
DA:43,1
DA:46,1
DA:48,1
DA:50,1
DA:57,0
DA:58,0
DA:63,1
DA:64,1
DA:65,1
DA:67,1
DA:71,1
DA:73,1
DA:75,1
DA:77,0
DA:79,0
DA:81,0
DA:86,1
DA:87,1
DA:88,1
DA:90,1
DA:91,0
DA:94,1
DA:95,1
DA:98,1
DA:99,2
DA:102,1
DA:103,1
DA:106,1
DA:107,1
DA:108,1
DA:109,1
DA:111,1
DA:115,0
DA:125,0
DA:129,0
DA:130,0
DA:131,0
DA:133,0
DA:134,0
DA:137,0
DA:138,0
DA:141,0
DA:142,0
DA:145,0
DA:146,0
DA:149,0
DA:150,0
DA:152,0
DA:156,1
DA:158,1
DA:161,1
DA:164,1
DA:166,0
DA:167,0
DA:172,1
DA:173,1
DA:176,1
DA:177,1
DA:178,1
DA:179,0
DA:182,1
DA:186,1
DA:193,1
DA:196,1
DA:199,1
DA:200,0
DA:204,1
DA:206,1
DA:211,0
DA:217,0
DA:218,0
DA:219,0
DA:220,0
DA:222,0
DA:224,0
DA:225,0
DA:230,0
DA:231,0
DA:232,0
DA:233,0
DA:236,0
DA:237,0
DA:238,0
DA:241,0
DA:243,0
DA:244,0
DA:249,1
LF:97
LH:53
BRDA:25,0,0,0
BRDA:26,1,0,0
BRDA:73,2,0,1
BRDA:73,2,1,0
BRDA:73,2,2,0
BRDA:73,2,3,0
BRDA:90,3,0,0
BRDA:90,3,1,1
BRDA:94,4,0,1
BRDA:94,4,1,0
BRDA:98,5,0,1
BRDA:98,5,1,0
BRDA:98,6,0,1
BRDA:98,6,1,1
BRDA:102,7,0,1
BRDA:102,7,1,0
BRDA:133,8,0,0
BRDA:133,8,1,0
BRDA:137,9,0,0
BRDA:137,9,1,0
BRDA:141,10,0,0
BRDA:141,10,1,0
BRDA:141,11,0,0
BRDA:141,11,1,0
BRDA:145,12,0,0
BRDA:145,12,1,0
BRDA:199,13,0,0
BRDA:199,13,1,1
BRDA:216,14,0,0
BRDA:229,15,0,0
BRF:30
BRH:8
end_of_record
TN:
SF:handlers/summarize.js
FN:19,(anonymous_0)
FN:76,(anonymous_1)
FN:95,(anonymous_2)
FN:104,(anonymous_3)
FN:111,(anonymous_4)
FN:113,(anonymous_5)
FN:114,(anonymous_6)
FN:120,(anonymous_7)
FN:122,(anonymous_8)
FN:123,(anonymous_9)
FN:126,(anonymous_10)
FN:135,(anonymous_11)
FN:151,(anonymous_12)
FN:160,(anonymous_13)
FN:163,(anonymous_14)
FN:167,(anonymous_15)
FN:173,(anonymous_16)
FN:179,(anonymous_17)
FN:183,(anonymous_18)
FN:189,(anonymous_19)
FN:191,(anonymous_20)
FN:198,(anonymous_21)
FN:210,(anonymous_22)
FN:213,(anonymous_23)
FNF:24
FNH:19
FNDA:1,(anonymous_0)
FNDA:0,(anonymous_1)
FNDA:1,(anonymous_2)
FNDA:3,(anonymous_3)
FNDA:2,(anonymous_4)
FNDA:0,(anonymous_5)
FNDA:1,(anonymous_6)
FNDA:1,(anonymous_7)
FNDA:4,(anonymous_8)
FNDA:4,(anonymous_9)
FNDA:1,(anonymous_10)
FNDA:3,(anonymous_11)
FNDA:21,(anonymous_12)
FNDA:1,(anonymous_13)
FNDA:1,(anonymous_14)
FNDA:0,(anonymous_15)
FNDA:1,(anonymous_16)
FNDA:1,(anonymous_17)
FNDA:1,(anonymous_18)
FNDA:0,(anonymous_19)
FNDA:1,(anonymous_20)
FNDA:1,(anonymous_21)
FNDA:3,(anonymous_22)
FNDA:0,(anonymous_23)
DA:1,1
DA:2,1
DA:3,1
DA:6,1
DA:20,1
DA:29,1
DA:31,1
DA:38,1
DA:40,1
DA:41,1
DA:42,0
DA:46,1
DA:49,1
DA:52,1
DA:54,1
DA:63,1
DA:69,1
DA:71,0
DA:72,0
DA:77,0
DA:78,0
DA:79,0
DA:80,0
DA:83,0
DA:86,0
DA:88,0
DA:90,0
DA:91,0
DA:96,1
DA:97,1
DA:100,1
DA:101,1
DA:104,3
DA:110,1
DA:111,2
DA:113,0
DA:114,1
DA:117,1
DA:121,1
DA:122,4
DA:123,4
DA:127,1
DA:132,1
DA:136,3
DA:139,3
DA:140,1
DA:144,3
DA:145,3
DA:146,0
DA:150,3
DA:151,3
DA:152,21
DA:153,2
DA:157,3
DA:161,1
DA:163,1
DA:165,0
DA:167,0
DA:169,0
DA:174,1
DA:176,1
DA:179,1
DA:182,1
DA:183,1
DA:184,1
DA:188,1
DA:189,0
DA:191,1
DA:193,0
DA:194,0
DA:199,1
DA:201,1
DA:204,1
DA:210,1
DA:211,3
DA:212,3
DA:213,0
DA:214,0
DA:223,1
DA:225,0
DA:226,0
DA:231,1
LF:82
LH:58
BRDA:24,0,0,0
BRDA:25,1,0,0
BRDA:26,2,0,1
BRDA:27,3,0,1
BRDA:28,4,0,1
BRDA:41,5,0,0
BRDA:41,5,1,1
BRDA:49,6,0,1
BRDA:49,6,1,0
BRDA:52,7,0,1
BRDA:52,7,1,0
BRDA:132,8,0,1
BRDA:132,8,1,0
BRDA:139,9,0,1
BRDA:139,9,1,2
BRDA:139,10,0,3
BRDA:139,10,1,2
BRDA:145,11,0,0
BRDA:145,11,1,3
BRDA:145,12,0,3
BRDA:145,12,1,0
BRDA:152,13,0,2
BRDA:152,13,1,19
BRDA:161,14,0,1
BRDA:161,14,1,0
BRDA:161,14,2,0
BRDA:161,14,3,0
BRDA:184,15,0,1
BRDA:184,15,1,1
BRDA:212,16,0,0
BRDA:212,16,1,3
BRF:31
BRH:19
end_of_record
